<?xml version="1.0" encoding="UTF-8"?>
<testsuite name="com.linkedlist.MyNodeTest" tests="1" skipped="0" failures="0" errors="0" timestamp="2021-04-13T05:54:43" hostname="DESKTOP-GUCTATJ" time="0.036">
  <properties/>
  <testcase name="given3NumbersWhenLinkedShouldPassedLinkedListTest()" classname="com.linkedlist.MyNodeTest" time="0.036"/>
  <system-out><![CDATA[]]></system-out>
  <system-err><![CDATA[]]></system-err>
</testsuite>
